11:26:44 **** Incremental Build of configuration Release for project adc ****
make all 
Building file: ../main.c
Invoking: AVR Compiler
avr-gcc -Wall -Os -fpack-struct -fshort-enums -ffunction-sections -fdata-sections -std=gnu99 -funsigned-char -funsigned-bitfields -mmcu=atmega16 -DF_CPU=8000000UL -MMD -MP -MF"main.d" -MT"main.d" -c -o "main.o" "../main.c"
Finished building: ../main.c
 
Building target: adc.elf
Invoking: AVR C Linker
avr-gcc -Wl,-Map,adc.map -mmcu=atmega16 -o "adc.elf"  ./HD44780.o ./adc.o ./lcd.o ./main.o   
Finished building target: adc.elf
 
Invoking: AVR Create Extended Listing
avr-objdump -h -S adc.elf  >"adc.lss"
Finished building: adc.lss
 
Create Flash image (ihex format)
avr-objcopy -R .eeprom -R .fuse -R .lock -R .signature -O ihex adc.elf  "adc.hex"
Finished building: adc.hex
 
Create eeprom image (ihex format)
avr-objcopy -j .eeprom --no-change-warnings --change-section-lma .eeprom=0 -O ihex adc.elf  "adc.eep"
Finished building: adc.eep
 
Invoking: Print Size
avr-size --format=avr --mcu=atmega16 adc.elf
AVR Memory Usage
----------------
Device: atmega16

Program:    1804 bytes (11.0% Full)
(.text + .data + .bootloader)

Data:        207 bytes (20.2% Full)
(.data + .bss + .noinit)


Finished building: sizedummy
 

11:26:49 Build Finished (took 4s.601ms)

